\BOOKMARK [1][-]{section.1}{\376\377\000D\000i\000f\000f\000e\000r\000e\000n\000t\000i\000a\000l\000\040\000E\000q\000u\000a\000t\000i\000o\000n\000s\000\040\000a\000n\000d\000\040\000T\000h\000e\000i\000r\000\040\000S\000o\000l\000u\000t\000i\000o\000n\000s}{}% 1
\BOOKMARK [2][-]{subsection.1.1}{\376\377\000C\000l\000a\000s\000s\000i\000f\000i\000c\000a\000t\000i\000o\000n\000\040\000o\000f\000\040\000D\000i\000f\000f\000e\000r\000e\000n\000t\000i\000a\000l\000\040\000E\000q\000u\000a\000t\000i\000o\000n\000s}{section.1}% 2
\BOOKMARK [2][-]{subsection.1.2}{\376\377\000S\000o\000l\000u\000t\000i\000o\000n\000s}{section.1}% 3
\BOOKMARK [3][-]{subsubsection.1.2.1}{\376\377\000N\000a\000t\000u\000r\000e\000\040\000o\000f\000\040\000S\000o\000l\000u\000t\000i\000o\000n\000s}{subsection.1.2}% 4
\BOOKMARK [3][-]{subsubsection.1.2.2}{\376\377\000M\000e\000t\000h\000o\000d\000s\000\040\000o\000f\000\040\000S\000o\000l\000u\000t\000i\000o\000n}{subsection.1.2}% 5
\BOOKMARK [2][-]{subsection.1.3}{\376\377\000I\000n\000i\000t\000i\000a\000l\000-\000V\000a\000l\000u\000e\000\040\000a\000n\000d\000\040\000B\000o\000u\000n\000d\000a\000r\000y\000-\000V\000a\000l\000u\000e\000\040\000P\000r\000o\000b\000l\000e\000m\000s\000,\000\040\000a\000n\000d\000\040\000E\000x\000i\000s\000t\000e\000n\000c\000e\000\040\000o\000f\000\040\000S\000o\000l\000u\000t\000i\000o\000n\000s}{section.1}% 6
\BOOKMARK [3][-]{subsubsection.1.3.1}{\376\377\000I\000n\000i\000t\000i\000a\000l\000-\000v\000a\000l\000u\000e\000\040\000P\000r\000o\000b\000l\000e\000m\000s\000\040\000a\000n\000d\000\040\000B\000o\000u\000n\000d\000a\000r\000y\000-\000v\000a\000l\000u\000e\000\040\000P\000r\000o\000b\000l\000e\000m\000s}{subsection.1.3}% 7
\BOOKMARK [3][-]{subsubsection.1.3.2}{\376\377\000E\000x\000i\000s\000t\000e\000n\000c\000e\000\040\000o\000f\000\040\000S\000o\000l\000u\000t\000i\000o\000n\000s}{subsection.1.3}% 8
\BOOKMARK [1][-]{section.2}{\376\377\000F\000i\000r\000s\000t\000\040\000O\000r\000d\000e\000r\000\040\000E\000q\000u\000a\000t\000i\000o\000n\000s\000\040\000f\000o\000r\000\040\000W\000h\000i\000c\000h\000\040\000E\000x\000a\000c\000t\000\040\000S\000o\000l\000u\000t\000i\000o\000n\000s\000\040\000A\000r\000e\000\040\000O\000b\000t\000a\000i\000n\000a\000b\000l\000e}{}% 9
\BOOKMARK [2][-]{subsection.2.1}{\376\377\000E\000x\000a\000c\000t\000\040\000D\000i\000f\000f\000e\000r\000e\000n\000t\000i\000a\000l\000\040\000E\000q\000u\000a\000t\000i\000o\000n\000s\000\040\000a\000n\000d\000\040\000I\000n\000t\000e\000g\000r\000a\000t\000i\000n\000g\000\040\000F\000a\000c\000t\000o\000r\000s}{section.2}% 10
\BOOKMARK [3][-]{subsubsection.2.1.1}{\376\377\000S\000t\000a\000n\000d\000a\000r\000d\000\040\000F\000o\000r\000m\000s\000\040\000o\000f\000\040\000F\000i\000r\000s\000t\000-\000O\000r\000d\000e\000r\000\040\000D\000i\000f\000f\000e\000r\000e\000n\000t\000i\000a\000l\000\040\000E\000q\000u\000a\000t\000i\000o\000n\000s}{subsection.2.1}% 11
\BOOKMARK [3][-]{subsubsection.2.1.2}{\376\377\000E\000x\000a\000c\000t\000\040\000D\000i\000f\000f\000e\000r\000e\000n\000t\000i\000a\000l\000\040\000E\000q\000u\000a\000t\000i\000o\000n\000s}{subsection.2.1}% 12
\BOOKMARK [3][-]{subsubsection.2.1.3}{\376\377\000T\000h\000e\000\040\000S\000o\000l\000u\000t\000i\000o\000n\000\040\000o\000f\000\040\000E\000x\000a\000c\000t\000\040\000D\000i\000f\000f\000e\000r\000e\000n\000t\000i\000a\000l\000\040\000E\000q\000u\000a\000t\000i\000o\000n\000s}{subsection.2.1}% 13
\BOOKMARK [3][-]{subsubsection.2.1.4}{\376\377\000I\000n\000t\000e\000g\000r\000a\000t\000i\000n\000g\000\040\000F\000a\000c\000t\000o\000r\000s}{subsection.2.1}% 14
\BOOKMARK [2][-]{subsection.2.2}{\376\377\000S\000e\000p\000a\000r\000a\000b\000l\000e\000\040\000E\000q\000u\000a\000t\000i\000o\000n\000s\000\040\000a\000n\000d\000\040\000E\000q\000u\000a\000t\000i\000o\000n\000s\000\040\000R\000e\000d\000u\000c\000i\000b\000l\000e\000\040\000t\000o\000\040\000t\000h\000i\000s\000\040\000F\000o\000r\000m}{section.2}% 15
\BOOKMARK [3][-]{subsubsection.2.2.1}{\376\377\000S\000e\000p\000a\000r\000a\000b\000l\000e\000\040\000E\000q\000u\000a\000t\000i\000o\000n\000s}{subsection.2.2}% 16
\BOOKMARK [3][-]{subsubsection.2.2.2}{\376\377\000H\000o\000m\000o\000g\000e\000n\000e\000o\000u\000s\000\040\000E\000q\000u\000a\000t\000i\000o\000n\000s}{subsection.2.2}% 17
\BOOKMARK [2][-]{subsection.2.3}{\376\377\000L\000i\000n\000e\000a\000r\000\040\000E\000q\000u\000a\000t\000i\000o\000n\000s\000\040\000a\000n\000d\000\040\000B\000e\000r\000n\000o\000u\000l\000l\000i\000\040\000E\000q\000u\000a\000t\000i\000o\000n\000s}{section.2}% 18
\BOOKMARK [3][-]{subsubsection.2.3.1}{\376\377\000L\000i\000n\000e\000a\000r\000\040\000E\000q\000u\000a\000t\000i\000o\000n}{subsection.2.3}% 19
\BOOKMARK [3][-]{subsubsection.2.3.2}{\376\377\000B\000e\000r\000n\000o\000u\000l\000l\000i\000\040\000E\000q\000u\000a\000t\000i\000o\000n\000s}{subsection.2.3}% 20
\BOOKMARK [2][-]{subsection.2.4}{\376\377\000S\000p\000e\000c\000i\000a\000l\000\040\000I\000n\000t\000e\000g\000r\000a\000t\000i\000n\000g\000\040\000F\000a\000c\000t\000o\000r\000s\000\040\000a\000n\000d\000\040\000T\000r\000a\000n\000s\000f\000o\000r\000m\000a\000t\000i\000o\000n\000s}{section.2}% 21
\BOOKMARK [3][-]{subsubsection.2.4.1}{\376\377\000F\000i\000n\000d\000i\000n\000g\000\040\000I\000n\000t\000e\000g\000r\000a\000t\000i\000n\000g\000\040\000F\000a\000c\000t\000o\000r\000s}{subsection.2.4}% 22
